Using pre-set license
Built from '2022.3/staging' branch; Version is '2022.3.19f1 (244b723c30a6) revision 2378610'; Using compiler version '192829333'; Build Type 'Release'
OS: 'Windows 11  (10.0.22631) 64bit Core' Language: 'fr' Physical Memory: 16167 MB
BatchMode: 1, IsHumanControllingUs: 0, StartBugReporterOnCrash: 0, Is64bit: 1, IsPro: 1

COMMAND LINE ARGUMENTS:
C:\Program Files\Unity\Hub\Editor\2022.3.19f1\Editor\Unity.exe
-adb2
-batchMode
-noUpm
-name
AssetImportWorker0
-projectPath
C:/Users/maxim/OneDrive/Bureau/Projet/projet_E4_jeu_cyber/MondeChargement
-logFile
Logs/AssetImportWorker0.log
-srvPort
53897
Successfully changed project path to: C:/Users/maxim/OneDrive/Bureau/Projet/projet_E4_jeu_cyber/MondeChargement
C:/Users/maxim/OneDrive/Bureau/Projet/projet_E4_jeu_cyber/MondeChargement
[UnityMemory] Configuration Parameters - Can be set up in boot.config
    "memorysetup-bucket-allocator-granularity=16"
    "memorysetup-bucket-allocator-bucket-count=8"
    "memorysetup-bucket-allocator-block-size=33554432"
    "memorysetup-bucket-allocator-block-count=8"
    "memorysetup-main-allocator-block-size=16777216"
    "memorysetup-thread-allocator-block-size=16777216"
    "memorysetup-gfx-main-allocator-block-size=16777216"
    "memorysetup-gfx-thread-allocator-block-size=16777216"
    "memorysetup-cache-allocator-block-size=4194304"
    "memorysetup-typetree-allocator-block-size=2097152"
    "memorysetup-profiler-bucket-allocator-granularity=16"
    "memorysetup-profiler-bucket-allocator-bucket-count=8"
    "memorysetup-profiler-bucket-allocator-block-size=33554432"
    "memorysetup-profiler-bucket-allocator-block-count=8"
    "memorysetup-profiler-allocator-block-size=16777216"
    "memorysetup-profiler-editor-allocator-block-size=1048576"
    "memorysetup-temp-allocator-size-main=16777216"
    "memorysetup-job-temp-allocator-block-size=2097152"
    "memorysetup-job-temp-allocator-block-size-background=1048576"
    "memorysetup-job-temp-allocator-reduction-small-platforms=262144"
    "memorysetup-allocator-temp-initial-block-size-main=262144"
    "memorysetup-allocator-temp-initial-block-size-worker=262144"
    "memorysetup-temp-allocator-size-background-worker=32768"
    "memorysetup-temp-allocator-size-job-worker=262144"
    "memorysetup-temp-allocator-size-preload-manager=33554432"
    "memorysetup-temp-allocator-size-nav-mesh-worker=65536"
    "memorysetup-temp-allocator-size-audio-worker=65536"
    "memorysetup-temp-allocator-size-cloud-worker=32768"
    "memorysetup-temp-allocator-size-gi-baking-worker=262144"
    "memorysetup-temp-allocator-size-gfx=262144"
Player connection [25976] Host "[IP] 147.215.205.217 [Port] 0 [Flags] 2 [Guid] 1321803293 [EditorId] 1321803293 [Version] 1048832 [Id] WindowsEditor(7,LAPTOP-R2SOHO5D) [Debug] 1 [PackageName] WindowsEditor [ProjectName] Editor" joined multi-casting on [225.0.0.222:54997]...

Player connection [25976] Host "[IP] 147.215.205.217 [Port] 0 [Flags] 2 [Guid] 1321803293 [EditorId] 1321803293 [Version] 1048832 [Id] WindowsEditor(7,LAPTOP-R2SOHO5D) [Debug] 1 [PackageName] WindowsEditor [ProjectName] Editor" joined alternative multi-casting on [225.0.0.222:34997]...

[Physics::Module] Initialized MultithreadedJobDispatcher with 7 workers.
Refreshing native plugins compatible for Editor in 32.24 ms, found 4 plugins.
Preloading 0 native plugins for Editor in 0.00 ms.
Initialize engine version: 2022.3.19f1 (244b723c30a6)
[Subsystems] Discovering subsystems at path C:/Program Files/Unity/Hub/Editor/2022.3.19f1/Editor/Data/Resources/UnitySubsystems
[Subsystems] Discovering subsystems at path C:/Users/maxim/OneDrive/Bureau/Projet/projet_E4_jeu_cyber/MondeChargement/Assets
GfxDevice: creating device client; threaded=0; jobified=0
Direct3D:
    Version:  Direct3D 11.0 [level 11.1]
    Renderer: Intel(R) Iris(R) Xe Graphics (ID=0x9a49)
    Vendor:   Intel
    VRAM:     8083 MB
    Driver:   30.0.101.1960
Initialize mono
Mono path[0] = 'C:/Program Files/Unity/Hub/Editor/2022.3.19f1/Editor/Data/Managed'
Mono path[1] = 'C:/Program Files/Unity/Hub/Editor/2022.3.19f1/Editor/Data/MonoBleedingEdge/lib/mono/unityjit-win32'
Mono config path = 'C:/Program Files/Unity/Hub/Editor/2022.3.19f1/Editor/Data/MonoBleedingEdge/etc'
Using monoOptions --debugger-agent=transport=dt_socket,embedding=1,server=y,suspend=n,address=127.0.0.1:56972
Begin MonoManager ReloadAssembly
Registering precompiled unity dll's ...
Register platform support module: C:/Program Files/Unity/Hub/Editor/2022.3.19f1/Editor/Data/PlaybackEngines/WebGLSupport/UnityEditor.WebGL.Extensions.dll
Register platform support module: C:/Program Files/Unity/Hub/Editor/2022.3.19f1/Editor/Data/PlaybackEngines/WindowsStandaloneSupport/UnityEditor.WindowsStandalone.Extensions.dll
Registered in 0.013972 seconds.
- Loaded All Assemblies, in  0.531 seconds
Native extension for WindowsStandalone target not found
Native extension for WebGL target not found
Mono: successfully reloaded assembly
- Finished resetting the current domain, in  0.492 seconds
Domain Reload Profiling: 1022ms
	BeginReloadAssembly (160ms)
		ExecutionOrderSort (0ms)
		DisableScriptedObjects (0ms)
		BackupInstance (0ms)
		ReleaseScriptingObjects (0ms)
		CreateAndSetChildDomain (1ms)
	RebuildCommonClasses (55ms)
	RebuildNativeTypeToScriptingClass (11ms)
	initialDomainReloadingComplete (88ms)
	LoadAllAssembliesAndSetupDomain (215ms)
		LoadAssemblies (158ms)
		RebuildTransferFunctionScriptingTraits (0ms)
		AnalyzeDomain (212ms)
			TypeCache.Refresh (210ms)
				TypeCache.ScanAssembly (192ms)
			ScanForSourceGeneratedMonoScriptInfo (0ms)
			ResolveRequiredComponents (1ms)
	FinalizeReload (493ms)
		ReleaseScriptCaches (0ms)
		RebuildScriptCaches (0ms)
		SetupLoadedEditorAssemblies (391ms)
			LogAssemblyErrors (0ms)
			InitializePlatformSupportModulesInManaged (18ms)
			SetLoadedEditorAssemblies (9ms)
			RefreshPlugins (0ms)
			BeforeProcessingInitializeOnLoad (4ms)
			ProcessInitializeOnLoadAttributes (263ms)
			ProcessInitializeOnLoadMethodAttributes (97ms)
			AfterProcessingInitializeOnLoad (0ms)
			EditorAssembliesLoaded (0ms)
		ExecutionOrderSort2 (0ms)
		AwakeInstancesAfterBackupRestoration (0ms)
========================================================================
Worker process is ready to serve import requests
Begin MonoManager ReloadAssembly
- Loaded All Assemblies, in  1.831 seconds
Refreshing native plugins compatible for Editor in 25.26 ms, found 4 plugins.
Native extension for WindowsStandalone target not found
Native extension for WebGL target not found
Package Manager log level set to [2]
[Package Manager] Server::EnsureServerProcessIsRunning -- launch failed, reason: Unity was launched with the -noUpm command-line argument
[Package Manager] UpmClient::Send -- Unable to send message (not connected to UPM process).
[Package Manager] Cannot connect to Unity Package Manager local server
Mono: successfully reloaded assembly
- Finished resetting the current domain, in  1.673 seconds
Domain Reload Profiling: 3493ms
	BeginReloadAssembly (387ms)
		ExecutionOrderSort (0ms)
		DisableScriptedObjects (9ms)
		BackupInstance (0ms)
		ReleaseScriptingObjects (0ms)
		CreateAndSetChildDomain (36ms)
	RebuildCommonClasses (123ms)
	RebuildNativeTypeToScriptingClass (35ms)
	initialDomainReloadingComplete (139ms)
	LoadAllAssembliesAndSetupDomain (1135ms)
		LoadAssemblies (894ms)
		RebuildTransferFunctionScriptingTraits (0ms)
		AnalyzeDomain (509ms)
			TypeCache.Refresh (444ms)
				TypeCache.ScanAssembly (413ms)
			ScanForSourceGeneratedMonoScriptInfo (47ms)
			ResolveRequiredComponents (14ms)
	FinalizeReload (1674ms)
		ReleaseScriptCaches (0ms)
		RebuildScriptCaches (0ms)
		SetupLoadedEditorAssemblies (1293ms)
			LogAssemblyErrors (0ms)
			InitializePlatformSupportModulesInManaged (17ms)
			SetLoadedEditorAssemblies (6ms)
			RefreshPlugins (0ms)
			BeforeProcessingInitializeOnLoad (169ms)
			ProcessInitializeOnLoadAttributes (979ms)
			ProcessInitializeOnLoadMethodAttributes (105ms)
			AfterProcessingInitializeOnLoad (16ms)
			EditorAssembliesLoaded (0ms)
		ExecutionOrderSort2 (0ms)
		AwakeInstancesAfterBackupRestoration (18ms)
Launched and connected shader compiler UnityShaderCompiler.exe after 0.10 seconds
Refreshing native plugins compatible for Editor in 16.18 ms, found 4 plugins.
Preloading 0 native plugins for Editor in 0.00 ms.
Unloading 4220 Unused Serialized files (Serialized files now loaded: 0)
Unloading 65 unused Assets / (62.0 KB). Loaded Objects now: 4701.
Memory consumption went from 163.5 MB to 163.4 MB.
Total: 7.928200 ms (FindLiveObjects: 0.671600 ms CreateObjectMapping: 0.826800 ms MarkObjects: 6.146000 ms  DeleteObjects: 0.280700 ms)

AssetImportParameters requested are different than current active one (requested -> active):
  custom:container-demuxer-ogg: 62fdf1f143b41e24485cea50d1cbac27 -> 
  custom:video-codec-MediaFoundation-h265: 746d11721c4dcdbdad8f713fa42b33f4 -> 
  custom:video-decoder-ogg-theora: a1e56fd34408186e4bbccfd4996cb3dc -> 
  custom:framework-win-MediaFoundation: 216162199b28c13a410421893ffa2e32 -> 
  custom:CustomObjectIndexerAttribute: 6d391050e5a25f67b0a2c618074f2cd9 -> 
  custom:container-demuxer-webm: 4f35f7cbe854078d1ac9338744f61a02 -> 
  custom:container-muxer-webm: aa71ff27fc2769a1b78a27578f13a17b -> 
  custom:video-decoder-webm-vp8: 9c59270c3fd7afecdb556c50c9e8de78 -> 
  custom:SearchIndexIgnoredProperties: e643bd26f0fe6173181afceb89e7c659 -> 
  custom:AudioImporter_EditorPlatform: d09bf68614088b80899f8185d706f6e7 -> 
  custom:video-encoder-webm-vp8: eb34c28f22e8b96e1ab97ce403110664 -> 
  custom:audio-decoder-ogg-vorbis: bf7c407c2cedff20999df2af8eb42d56 -> 
  custom:audio-encoder-webm-vorbis: bf7c407c2cedff20999df2af8eb42d56 -> 
========================================================================
Received Import Request.
  Time since last request: 7082.137285 seconds.
  path: Assets/Imports/bg-wood@2x.png
  artifactKey: Guid(5473392643eeee5458cf55c0b77b84bc) Importer(815301076,1909f56bfc062723c751e8b465ee728b)
Start importing Assets/Imports/bg-wood@2x.png using Guid(5473392643eeee5458cf55c0b77b84bc) Importer(815301076,1909f56bfc062723c751e8b465ee728b)  -> (artifact id: 'b13030deec57a9614ce6f1b680fdab96') in 0.511321 seconds
Number of updated asset objects reloaded before import = 0
Number of asset objects unloaded after import = 34
========================================================================
Received Import Request.
  Time since last request: 0.000079 seconds.
  path: Assets/DinV/Dynamic Space Background/Sprites/NewLayer.terrainlayer
  artifactKey: Guid(6698f7883dd56a146ac5e4ca73206455) Importer(815301076,1909f56bfc062723c751e8b465ee728b)
Start importing Assets/DinV/Dynamic Space Background/Sprites/NewLayer.terrainlayer using Guid(6698f7883dd56a146ac5e4ca73206455) Importer(815301076,1909f56bfc062723c751e8b465ee728b)  -> (artifact id: 'b4af3610fa6e83827933d510f8d48764') in 0.087967 seconds
Number of updated asset objects reloaded before import = 0
Number of asset objects unloaded after import = 2
========================================================================
Received Import Request.
  Time since last request: 0.000051 seconds.
  path: Assets/Imports/WallTile1(normal).png
  artifactKey: Guid(9b1102b9a5a8f274181a3e99e367bde5) Importer(815301076,1909f56bfc062723c751e8b465ee728b)
Start importing Assets/Imports/WallTile1(normal).png using Guid(9b1102b9a5a8f274181a3e99e367bde5) Importer(815301076,1909f56bfc062723c751e8b465ee728b)  -> (artifact id: '7d37c9f9f996f7821d531ae3d9120e06') in 0.053511 seconds
Number of updated asset objects reloaded before import = 0
Number of asset objects unloaded after import = 3
========================================================================
Received Import Request.
  Time since last request: 0.000034 seconds.
  path: Assets/Imports/Bear1_Upload.png
  artifactKey: Guid(08576eba81355a84980a729c72c9fc69) Importer(815301076,1909f56bfc062723c751e8b465ee728b)
Start importing Assets/Imports/Bear1_Upload.png using Guid(08576eba81355a84980a729c72c9fc69) Importer(815301076,1909f56bfc062723c751e8b465ee728b)  -> (artifact id: 'd5c27cea81f2612dda13aec21285185a') in 0.533087 seconds
Number of updated asset objects reloaded before import = 0
Number of asset objects unloaded after import = 94
========================================================================
Received Import Request.
  Time since last request: 0.000038 seconds.
  path: Assets/Palettes/Wood.prefab
  artifactKey: Guid(380fc7f22a502d04bb63e342edc42140) Importer(815301076,1909f56bfc062723c751e8b465ee728b)
Start importing Assets/Palettes/Wood.prefab using Guid(380fc7f22a502d04bb63e342edc42140) Importer(815301076,1909f56bfc062723c751e8b465ee728b)  -> (artifact id: '31c75544329eeff815262c6f81304d95') in 0.423066 seconds
Number of updated asset objects reloaded before import = 0
Number of asset objects unloaded after import = 75
========================================================================
Received Import Request.
  Time since last request: 0.000056 seconds.
  path: Assets/Palettes/PC.prefab
  artifactKey: Guid(acf33418d10d06244ba32b567a690f8a) Importer(815301076,1909f56bfc062723c751e8b465ee728b)
Start importing Assets/Palettes/PC.prefab using Guid(acf33418d10d06244ba32b567a690f8a) Importer(815301076,1909f56bfc062723c751e8b465ee728b)  -> (artifact id: '6ec440957fed88b0b897ff5ba3f123b2') in 0.043389 seconds
Number of updated asset objects reloaded before import = 0
Number of asset objects unloaded after import = 16
========================================================================
Received Import Request.
  Time since last request: 0.000036 seconds.
  path: Assets/Palettes/RealBrick.prefab
  artifactKey: Guid(30939eade7ac7a84fb1215f15741b94c) Importer(815301076,1909f56bfc062723c751e8b465ee728b)
Start importing Assets/Palettes/RealBrick.prefab using Guid(30939eade7ac7a84fb1215f15741b94c) Importer(815301076,1909f56bfc062723c751e8b465ee728b)  -> (artifact id: '29b6867b2ffdbd216099a638d89d0871') in 0.044071 seconds
Number of updated asset objects reloaded before import = 0
Number of asset objects unloaded after import = 13
========================================================================
Received Import Request.
  Time since last request: 0.000054 seconds.
  path: Assets/Palettes/Cup.prefab
  artifactKey: Guid(f6aeeab2f18a3a1408777660b09acc1d) Importer(815301076,1909f56bfc062723c751e8b465ee728b)
Start importing Assets/Palettes/Cup.prefab using Guid(f6aeeab2f18a3a1408777660b09acc1d) Importer(815301076,1909f56bfc062723c751e8b465ee728b)  -> (artifact id: 'b470439c09236a5f7c779c21b513da1c') in 0.039332 seconds
Number of updated asset objects reloaded before import = 0
Number of asset objects unloaded after import = 16
========================================================================
Received Import Request.
  Time since last request: 0.037267 seconds.
  path: Assets/Physics/NoFriction.physicsMaterial2D
  artifactKey: Guid(8f70adc011ac3784c9f71d1eb0a6d85f) Importer(815301076,1909f56bfc062723c751e8b465ee728b)
Start importing Assets/Physics/NoFriction.physicsMaterial2D using Guid(8f70adc011ac3784c9f71d1eb0a6d85f) Importer(815301076,1909f56bfc062723c751e8b465ee728b)  -> (artifact id: '5733ca239510c02625b710ae9510f8b0') in 0.002586 seconds
Number of updated asset objects reloaded before import = 0
Number of asset objects unloaded after import = 1
========================================================================
Received Prepare
Begin MonoManager ReloadAssembly
- Loaded All Assemblies, in  1.226 seconds
Refreshing native plugins compatible for Editor in 21.45 ms, found 4 plugins.
Native extension for WindowsStandalone target not found
Native extension for WebGL target not found
[Package Manager] Server::EnsureServerProcessIsRunning -- launch failed, reason: Unity was launched with the -noUpm command-line argument
[Package Manager] UpmClient::Send -- Unable to send message (not connected to UPM process).
[Package Manager] Cannot connect to Unity Package Manager local server
Mono: successfully reloaded assembly
- Finished resetting the current domain, in  5.169 seconds
Domain Reload Profiling: 6384ms
	BeginReloadAssembly (375ms)
		ExecutionOrderSort (0ms)
		DisableScriptedObjects (28ms)
		BackupInstance (0ms)
		ReleaseScriptingObjects (0ms)
		CreateAndSetChildDomain (84ms)
	RebuildCommonClasses (94ms)
	RebuildNativeTypeToScriptingClass (27ms)
	initialDomainReloadingComplete (79ms)
	LoadAllAssembliesAndSetupDomain (639ms)
		LoadAssemblies (762ms)
		RebuildTransferFunctionScriptingTraits (0ms)
		AnalyzeDomain (68ms)
			TypeCache.Refresh (20ms)
				TypeCache.ScanAssembly (1ms)
			ScanForSourceGeneratedMonoScriptInfo (32ms)
			ResolveRequiredComponents (13ms)
	FinalizeReload (5170ms)
		ReleaseScriptCaches (0ms)
		RebuildScriptCaches (0ms)
		SetupLoadedEditorAssemblies (1384ms)
			LogAssemblyErrors (0ms)
			InitializePlatformSupportModulesInManaged (19ms)
			SetLoadedEditorAssemblies (8ms)
			RefreshPlugins (0ms)
			BeforeProcessingInitializeOnLoad (285ms)
			ProcessInitializeOnLoadAttributes (974ms)
			ProcessInitializeOnLoadMethodAttributes (80ms)
			AfterProcessingInitializeOnLoad (16ms)
			EditorAssembliesLoaded (1ms)
		ExecutionOrderSort2 (0ms)
		AwakeInstancesAfterBackupRestoration (29ms)
Refreshing native plugins compatible for Editor in 14.84 ms, found 4 plugins.
Preloading 0 native plugins for Editor in 0.00 ms.
Unloading 4200 Unused Serialized files (Serialized files now loaded: 0)
Unloading 38 unused Assets / (325.2 KB). Loaded Objects now: 4730.
Memory consumption went from 164.4 MB to 164.1 MB.
Total: 8.008900 ms (FindLiveObjects: 0.561300 ms CreateObjectMapping: 0.958300 ms MarkObjects: 6.037400 ms  DeleteObjects: 0.449100 ms)

Prepare: number of updated asset objects reloaded= 0
AssetImportParameters requested are different than current active one (requested -> active):
  custom:container-demuxer-ogg: 62fdf1f143b41e24485cea50d1cbac27 -> 
  custom:video-codec-MediaFoundation-h265: 746d11721c4dcdbdad8f713fa42b33f4 -> 
  custom:video-decoder-ogg-theora: a1e56fd34408186e4bbccfd4996cb3dc -> 
  custom:framework-win-MediaFoundation: 216162199b28c13a410421893ffa2e32 -> 
  custom:CustomObjectIndexerAttribute: 6d391050e5a25f67b0a2c618074f2cd9 -> 
  custom:container-demuxer-webm: 4f35f7cbe854078d1ac9338744f61a02 -> 
  custom:container-muxer-webm: aa71ff27fc2769a1b78a27578f13a17b -> 
  custom:video-decoder-webm-vp8: 9c59270c3fd7afecdb556c50c9e8de78 -> 
  custom:SearchIndexIgnoredProperties: e643bd26f0fe6173181afceb89e7c659 -> 
  custom:AudioImporter_EditorPlatform: d09bf68614088b80899f8185d706f6e7 -> 
  custom:video-encoder-webm-vp8: eb34c28f22e8b96e1ab97ce403110664 -> 
  custom:audio-decoder-ogg-vorbis: bf7c407c2cedff20999df2af8eb42d56 -> 
  custom:audio-encoder-webm-vorbis: bf7c407c2cedff20999df2af8eb42d56 -> 
========================================================================
Received Import Request.
  Time since last request: 196.246949 seconds.
  path: Assets/Supercyan Character Pack Animal People Sample/Animations
  artifactKey: Guid(4e9d382c4fafdc2478525f4f913f7139) Importer(815301076,1909f56bfc062723c751e8b465ee728b)
Start importing Assets/Supercyan Character Pack Animal People Sample/Animations using Guid(4e9d382c4fafdc2478525f4f913f7139) Importer(815301076,1909f56bfc062723c751e8b465ee728b)  -> (artifact id: '4853044137e904b0bfd959308f601681') in 0.002733 seconds
Number of updated asset objects reloaded before import = 0
Number of asset objects unloaded after import = 0
========================================================================
Received Import Request.
  Time since last request: 0.041971 seconds.
  path: Assets/Supercyan Character Pack Animal People Sample/Animations/common_people@backwards-run.FBX
  artifactKey: Guid(9091f145096f65b41b863bc262bad9a8) Importer(815301076,1909f56bfc062723c751e8b465ee728b)
Start importing Assets/Supercyan Character Pack Animal People Sample/Animations/common_people@backwards-run.FBX using Guid(9091f145096f65b41b863bc262bad9a8) Importer(815301076,1909f56bfc062723c751e8b465ee728b)  -> (artifact id: 'f3877c20bec6ad01874635853c08d4c9') in 0.048740 seconds
Number of updated asset objects reloaded before import = 0
Number of asset objects unloaded after import = 61
========================================================================
Received Import Request.
  Time since last request: 0.000023 seconds.
  path: Assets/Supercyan Character Pack Animal People Sample/Animations/common_people@pickup.FBX
  artifactKey: Guid(92595bdd83f94a548bedd397bb9fa731) Importer(815301076,1909f56bfc062723c751e8b465ee728b)
Start importing Assets/Supercyan Character Pack Animal People Sample/Animations/common_people@pickup.FBX using Guid(92595bdd83f94a548bedd397bb9fa731) Importer(815301076,1909f56bfc062723c751e8b465ee728b)  -> (artifact id: 'd7a419b05453a9121f49d109155cc8ae') in 0.010043 seconds
Number of updated asset objects reloaded before import = 0
Number of asset objects unloaded after import = 61
========================================================================
Received Import Request.
  Time since last request: 0.000028 seconds.
  path: Assets/Supercyan Character Pack Animal People Sample/Animations/common_people@jump-up.FBX
  artifactKey: Guid(0ba989742c124ae42861e17fa5f0f43d) Importer(815301076,1909f56bfc062723c751e8b465ee728b)
Start importing Assets/Supercyan Character Pack Animal People Sample/Animations/common_people@jump-up.FBX using Guid(0ba989742c124ae42861e17fa5f0f43d) Importer(815301076,1909f56bfc062723c751e8b465ee728b)  -> (artifact id: '454962ef43b053eb6b469d7fd52cdcf2') in 0.014190 seconds
Number of updated asset objects reloaded before import = 0
Number of asset objects unloaded after import = 61
========================================================================
Received Import Request.
  Time since last request: 0.000030 seconds.
  path: Assets/Supercyan Character Pack Animal People Sample/Animations/common_people@wave.FBX
  artifactKey: Guid(b7ed0a7fd3df8e14aab35724585cb4be) Importer(815301076,1909f56bfc062723c751e8b465ee728b)
Start importing Assets/Supercyan Character Pack Animal People Sample/Animations/common_people@wave.FBX using Guid(b7ed0a7fd3df8e14aab35724585cb4be) Importer(815301076,1909f56bfc062723c751e8b465ee728b)  -> (artifact id: 'a95024b5551c544ff54000e0fbcc231a') in 0.005990 seconds
Number of updated asset objects reloaded before import = 0
Number of asset objects unloaded after import = 61
========================================================================
Received Import Request.
  Time since last request: 0.000023 seconds.
  path: Assets/Supercyan Character Pack Animal People Sample/Animations/common_people@jump-down.FBX
  artifactKey: Guid(0bb9123a2afc0194fa58e5391f288d78) Importer(815301076,1909f56bfc062723c751e8b465ee728b)
Start importing Assets/Supercyan Character Pack Animal People Sample/Animations/common_people@jump-down.FBX using Guid(0bb9123a2afc0194fa58e5391f288d78) Importer(815301076,1909f56bfc062723c751e8b465ee728b)  -> (artifact id: 'b2a0b3d3967a86319b552b8d5ce57a33') in 0.005858 seconds
Number of updated asset objects reloaded before import = 0
Number of asset objects unloaded after import = 61
========================================================================
Received Import Request.
  Time since last request: 0.000025 seconds.
  path: Assets/Supercyan Character Pack Animal People Sample/Animations/common_people@run.FBX
  artifactKey: Guid(7efe1fccfd475a6489540cdb3a6c4044) Importer(815301076,1909f56bfc062723c751e8b465ee728b)
Start importing Assets/Supercyan Character Pack Animal People Sample/Animations/common_people@run.FBX using Guid(7efe1fccfd475a6489540cdb3a6c4044) Importer(815301076,1909f56bfc062723c751e8b465ee728b)  -> (artifact id: '988e592aee1154410aa7e8babb36e95c') in 0.005443 seconds
Number of updated asset objects reloaded before import = 0
Number of asset objects unloaded after import = 61
========================================================================
Received Import Request.
  Time since last request: 11.894438 seconds.
  path: Assets/Supercyan Character Pack Animal People Sample/AnimatorControllers
  artifactKey: Guid(9595fc824c7f60747a81393f4d5ab1f0) Importer(815301076,1909f56bfc062723c751e8b465ee728b)
Start importing Assets/Supercyan Character Pack Animal People Sample/AnimatorControllers using Guid(9595fc824c7f60747a81393f4d5ab1f0) Importer(815301076,1909f56bfc062723c751e8b465ee728b)  -> (artifact id: '1f566677615042f22cf94e851e04186c') in 0.000901 seconds
Number of updated asset objects reloaded before import = 0
Number of asset objects unloaded after import = 0
========================================================================
Received Import Request.
  Time since last request: 2.639410 seconds.
  path: Assets/Supercyan Character Pack Animal People Sample/Materials
  artifactKey: Guid(2b98ab9fbf67fda4ea99d3445b858829) Importer(815301076,1909f56bfc062723c751e8b465ee728b)
Start importing Assets/Supercyan Character Pack Animal People Sample/Materials using Guid(2b98ab9fbf67fda4ea99d3445b858829) Importer(815301076,1909f56bfc062723c751e8b465ee728b)  -> (artifact id: 'b070c14370d56641c24a3198928f7abe') in 0.000990 seconds
Number of updated asset objects reloaded before import = 0
Number of asset objects unloaded after import = 0
========================================================================
Received Import Request.
  Time since last request: 3.757963 seconds.
  path: Assets/Supercyan Character Pack Animal People Sample/Prefabs
  artifactKey: Guid(0ca6c04a64135ea429efd013a89a1a5a) Importer(815301076,1909f56bfc062723c751e8b465ee728b)
Start importing Assets/Supercyan Character Pack Animal People Sample/Prefabs using Guid(0ca6c04a64135ea429efd013a89a1a5a) Importer(815301076,1909f56bfc062723c751e8b465ee728b)  -> (artifact id: 'daac4a667a1470766337482cb9bd0cc1') in 0.001304 seconds
Number of updated asset objects reloaded before import = 0
Number of asset objects unloaded after import = 0
========================================================================
Received Import Request.
  Time since last request: 1.729156 seconds.
  path: Assets/Supercyan Character Pack Animal People Sample/Prefabs/Base
  artifactKey: Guid(a0b41705f262bdc4ba66546213cffcb0) Importer(815301076,1909f56bfc062723c751e8b465ee728b)
Start importing Assets/Supercyan Character Pack Animal People Sample/Prefabs/Base using Guid(a0b41705f262bdc4ba66546213cffcb0) Importer(815301076,1909f56bfc062723c751e8b465ee728b)  -> (artifact id: 'c1108092adcb81f5256c681cd6ef5f19') in 0.001348 seconds
Number of updated asset objects reloaded before import = 0
Number of asset objects unloaded after import = 0
========================================================================
Received Import Request.
  Time since last request: 1.168430 seconds.
  path: Assets/Supercyan Character Pack Animal People Sample/Prefabs/Base/High Quality
  artifactKey: Guid(7574f6f9abe3a62489012257f5ef765b) Importer(815301076,1909f56bfc062723c751e8b465ee728b)
Start importing Assets/Supercyan Character Pack Animal People Sample/Prefabs/Base/High Quality using Guid(7574f6f9abe3a62489012257f5ef765b) Importer(815301076,1909f56bfc062723c751e8b465ee728b)  -> (artifact id: '384e768a05c02d40caeffead89a0811c') in 0.000858 seconds
Number of updated asset objects reloaded before import = 0
Number of asset objects unloaded after import = 0
========================================================================
Received Import Request.
  Time since last request: 0.079658 seconds.
  path: Assets/Supercyan Character Pack Animal People Sample/Prefabs/Base/High Quality/animal_people_backpack_1_freeSample_onGround.prefab
  artifactKey: Guid(5e3a6423dd2074a4aa75f45ae23b0740) Importer(815301076,1909f56bfc062723c751e8b465ee728b)
Start importing Assets/Supercyan Character Pack Animal People Sample/Prefabs/Base/High Quality/animal_people_backpack_1_freeSample_onGround.prefab using Guid(5e3a6423dd2074a4aa75f45ae23b0740) Importer(815301076,1909f56bfc062723c751e8b465ee728b)  -> (artifact id: 'c46e18f70b83dd25a6e6df49149350cb') in 3.031045 seconds
Number of updated asset objects reloaded before import = 0
Number of asset objects unloaded after import = 17
========================================================================
Received Import Request.
  Time since last request: 0.000050 seconds.
  path: Assets/Supercyan Character Pack Animal People Sample/Prefabs/Base/High Quality/animal_people_beanie_wolf_1_onWear.prefab
  artifactKey: Guid(12318cbff4065d342a786caeb2c4e568) Importer(815301076,1909f56bfc062723c751e8b465ee728b)
Start importing Assets/Supercyan Character Pack Animal People Sample/Prefabs/Base/High Quality/animal_people_beanie_wolf_1_onWear.prefab using Guid(12318cbff4065d342a786caeb2c4e568) Importer(815301076,1909f56bfc062723c751e8b465ee728b)  -> (artifact id: 'b2558920a5545eaaccd18445cef1d5e4') in 1.268494 seconds
Number of updated asset objects reloaded before import = 0
Number of asset objects unloaded after import = 131
========================================================================
Received Import Request.
  Time since last request: 175.420102 seconds.
  path: Assets/Supercyan Character Pack Animal People Sample/Textures/Supercyan Sample/animal_people_wolf_supercyan_texture_body.png
  artifactKey: Guid(8c6a429c671d6ea42bcb69e2bc0a33cb) Importer(815301076,1909f56bfc062723c751e8b465ee728b)
Start importing Assets/Supercyan Character Pack Animal People Sample/Textures/Supercyan Sample/animal_people_wolf_supercyan_texture_body.png using Guid(8c6a429c671d6ea42bcb69e2bc0a33cb) Importer(815301076,1909f56bfc062723c751e8b465ee728b)  -> (artifact id: 'a6c83a53243b65589602a39232caa5e8') in 0.068187 seconds
Number of updated asset objects reloaded before import = 0
Number of asset objects unloaded after import = 2
========================================================================
Received Import Request.
  Time since last request: 24.771878 seconds.
  path: Assets/Supercyan Character Pack Animal People Sample/Textures/Supercyan Sample/animal_people_wolf_texture_head.png
  artifactKey: Guid(20e951f0a04bc8b4c8bca18599362610) Importer(815301076,1909f56bfc062723c751e8b465ee728b)
Start importing Assets/Supercyan Character Pack Animal People Sample/Textures/Supercyan Sample/animal_people_wolf_texture_head.png using Guid(20e951f0a04bc8b4c8bca18599362610) Importer(815301076,1909f56bfc062723c751e8b465ee728b)  -> (artifact id: '132b68ee1434e0893f3cd938e8f2e90f') in 0.037701 seconds
Number of updated asset objects reloaded before import = 0
Number of asset objects unloaded after import = 2
========================================================================
Received Import Request.
  Time since last request: 2.495587 seconds.
  path: Assets/Supercyan Character Pack Animal People Sample/Textures/Supercyan Sample/animal_people_wolf_supercyan_texture_body.psd
  artifactKey: Guid(9fc81fa92aefed444a08fa3e5306f078) Importer(815301076,1909f56bfc062723c751e8b465ee728b)
Start importing Assets/Supercyan Character Pack Animal People Sample/Textures/Supercyan Sample/animal_people_wolf_supercyan_texture_body.psd using Guid(9fc81fa92aefed444a08fa3e5306f078) Importer(815301076,1909f56bfc062723c751e8b465ee728b)  -> (artifact id: 'eae65c869790f807b74be77597d8cc78') in 0.030630 seconds
Number of updated asset objects reloaded before import = 0
Number of asset objects unloaded after import = 2
========================================================================
Received Import Request.
  Time since last request: 137.010838 seconds.
  path: Assets/Supercyan Character Pack Animal People Sample/Textures/backpack/animal_people_backbag_1_texture.psd
  artifactKey: Guid(e70d129ef8c74d94d97eaa20cec235ac) Importer(815301076,1909f56bfc062723c751e8b465ee728b)
Start importing Assets/Supercyan Character Pack Animal People Sample/Textures/backpack/animal_people_backbag_1_texture.psd using Guid(e70d129ef8c74d94d97eaa20cec235ac) Importer(815301076,1909f56bfc062723c751e8b465ee728b)  -> (artifact id: '23e38b7e01cfa582453a7ce2c0f40637') in 0.031663 seconds
Number of updated asset objects reloaded before import = 0
Number of asset objects unloaded after import = 2
========================================================================
Received Import Request.
  Time since last request: 0.000021 seconds.
  path: Assets/TextMesh Pro/Examples & Extras/Resources/Fonts & Materials/Anton SDF.asset
  artifactKey: Guid(8a89fa14b10d46a99122fd4f73fca9a2) Importer(815301076,1909f56bfc062723c751e8b465ee728b)
Start importing Assets/TextMesh Pro/Examples & Extras/Resources/Fonts & Materials/Anton SDF.asset using Guid(8a89fa14b10d46a99122fd4f73fca9a2) Importer(815301076,1909f56bfc062723c751e8b465ee728b)  -> (artifact id: '3dde181e66903a67095f23141e3ede41') in 0.109178 seconds
Number of updated asset objects reloaded before import = 0
Number of asset objects unloaded after import = 6
========================================================================
Received Import Request.
  Time since last request: 0.000057 seconds.
  path: Assets/Supercyan Character Pack Animal People Sample/Textures/beanie/animal_people_beanie_texture.png
  artifactKey: Guid(3df98a4985a510c4880b1ca606edf643) Importer(815301076,1909f56bfc062723c751e8b465ee728b)
Start importing Assets/Supercyan Character Pack Animal People Sample/Textures/beanie/animal_people_beanie_texture.png using Guid(3df98a4985a510c4880b1ca606edf643) Importer(815301076,1909f56bfc062723c751e8b465ee728b)  -> (artifact id: 'a296ec20fa9c745a9a7660c24b24f112') in 0.018932 seconds
Number of updated asset objects reloaded before import = 0
Number of asset objects unloaded after import = 2
========================================================================
Received Import Request.
  Time since last request: 0.961581 seconds.
  path: Assets/TextMesh Pro/Examples & Extras/Textures/Brushed Metal 3.jpg
  artifactKey: Guid(f88677df267a41d6be1e7a6133e7d227) Importer(815301076,1909f56bfc062723c751e8b465ee728b)
Start importing Assets/TextMesh Pro/Examples & Extras/Textures/Brushed Metal 3.jpg using Guid(f88677df267a41d6be1e7a6133e7d227) Importer(815301076,1909f56bfc062723c751e8b465ee728b)  -> (artifact id: '05e3fa929b8a63af78a7ee0c2e624256') in 0.027379 seconds
Number of updated asset objects reloaded before import = 0
Number of asset objects unloaded after import = 2
========================================================================
Received Import Request.
  Time since last request: 1.102706 seconds.
  path: Assets/TextMesh Pro/Examples & Extras/Sprites/Default Sprites.png
  artifactKey: Guid(a0fc465d6cf04254a2938578735e2383) Importer(815301076,1909f56bfc062723c751e8b465ee728b)
Start importing Assets/TextMesh Pro/Examples & Extras/Sprites/Default Sprites.png using Guid(a0fc465d6cf04254a2938578735e2383) Importer(815301076,1909f56bfc062723c751e8b465ee728b)  -> (artifact id: 'f9690deda7717e452078977974286498') in 0.027902 seconds
Number of updated asset objects reloaded before import = 0
Number of asset objects unloaded after import = 2
========================================================================
Received Import Request.
  Time since last request: 0.256723 seconds.
  path: Assets/TextMesh Pro/Examples & Extras/Sprites/DropCap Numbers.psd
  artifactKey: Guid(fd09957580ac4326916010f1f260975b) Importer(815301076,1909f56bfc062723c751e8b465ee728b)
Start importing Assets/TextMesh Pro/Examples & Extras/Sprites/DropCap Numbers.psd using Guid(fd09957580ac4326916010f1f260975b) Importer(815301076,1909f56bfc062723c751e8b465ee728b)  -> (artifact id: '0ac3476928048124b5fd7942f04aa2bf') in 0.024390 seconds
Number of updated asset objects reloaded before import = 0
Number of asset objects unloaded after import = 2
========================================================================
Received Import Request.
  Time since last request: 0.006748 seconds.
  path: Assets/TextMesh Pro/Sprites/EmojiOne.png
  artifactKey: Guid(dffef66376be4fa480fb02b19edbe903) Importer(815301076,1909f56bfc062723c751e8b465ee728b)
Start importing Assets/TextMesh Pro/Sprites/EmojiOne.png using Guid(dffef66376be4fa480fb02b19edbe903) Importer(815301076,1909f56bfc062723c751e8b465ee728b)  -> (artifact id: '3f1488cee92fe677f0f95433d4fb6574') in 0.027788 seconds
Number of updated asset objects reloaded before import = 0
Number of asset objects unloaded after import = 2
========================================================================
Received Import Request.
  Time since last request: 0.038992 seconds.
  path: Assets/TextMesh Pro/Examples & Extras/Textures/Floor Tiles 1 - diffuse.jpg
  artifactKey: Guid(85ac55597b97403c82fc6601a93cf241) Importer(815301076,1909f56bfc062723c751e8b465ee728b)
Start importing Assets/TextMesh Pro/Examples & Extras/Textures/Floor Tiles 1 - diffuse.jpg using Guid(85ac55597b97403c82fc6601a93cf241) Importer(815301076,1909f56bfc062723c751e8b465ee728b)  -> (artifact id: 'f9f3a65ee17d1cafea978fc59337648a') in 0.028584 seconds
Number of updated asset objects reloaded before import = 0
Number of asset objects unloaded after import = 2
========================================================================
Received Import Request.
  Time since last request: 0.000061 seconds.
  path: Assets/TextMesh Pro/Examples & Extras/Fonts/Oswald-Bold.ttf
  artifactKey: Guid(c9f6d0e7bc8541498c9a4799ba184ede) Importer(815301076,1909f56bfc062723c751e8b465ee728b)
Start importing Assets/TextMesh Pro/Examples & Extras/Fonts/Oswald-Bold.ttf using Guid(c9f6d0e7bc8541498c9a4799ba184ede) Importer(815301076,1909f56bfc062723c751e8b465ee728b)  -> (artifact id: 'ad0f5fb7ce287f3943c453a0870f16d0') in 0.243106 seconds
Number of updated asset objects reloaded before import = 0
Number of asset objects unloaded after import = 4
========================================================================
Received Import Request.
  Time since last request: 0.130068 seconds.
  path: Assets/TextMesh Pro/Examples & Extras/Fonts/Roboto-Bold.ttf
  artifactKey: Guid(4beb055f07aaff244873dec698d0363e) Importer(815301076,1909f56bfc062723c751e8b465ee728b)
Start importing Assets/TextMesh Pro/Examples & Extras/Fonts/Roboto-Bold.ttf using Guid(4beb055f07aaff244873dec698d0363e) Importer(815301076,1909f56bfc062723c751e8b465ee728b)  -> (artifact id: '14c221c04bf0b351be787a331f1d523f') in 0.018478 seconds
Number of updated asset objects reloaded before import = 0
Number of asset objects unloaded after import = 4
========================================================================
Received Import Request.
  Time since last request: 0.001076 seconds.
  path: Assets/TextMesh Pro/Examples & Extras/Fonts/Bangers.ttf
  artifactKey: Guid(5dd49b3eacc540408c98eee0de38e0f1) Importer(815301076,1909f56bfc062723c751e8b465ee728b)
Start importing Assets/TextMesh Pro/Examples & Extras/Fonts/Bangers.ttf using Guid(5dd49b3eacc540408c98eee0de38e0f1) Importer(815301076,1909f56bfc062723c751e8b465ee728b)  -> (artifact id: '2a2f5a0046fce9b78fb8e074dea88dee') in 0.014918 seconds
Number of updated asset objects reloaded before import = 0
Number of asset objects unloaded after import = 4
========================================================================
Received Import Request.
  Time since last request: 0.052793 seconds.
  path: Assets/TextMesh Pro/Examples & Extras/Textures/Gradient Diagonal (Color).jpg
  artifactKey: Guid(2ce5c55e85304b819a1826ecbc839aa5) Importer(815301076,1909f56bfc062723c751e8b465ee728b)
Start importing Assets/TextMesh Pro/Examples & Extras/Textures/Gradient Diagonal (Color).jpg using Guid(2ce5c55e85304b819a1826ecbc839aa5) Importer(815301076,1909f56bfc062723c751e8b465ee728b)  -> (artifact id: '865ebc51fe1fd4fca93520a5c4ca53db') in 0.021727 seconds
Number of updated asset objects reloaded before import = 0
Number of asset objects unloaded after import = 2
========================================================================
Received Import Request.
  Time since last request: 141.621259 seconds.
  path: Assets/Supercyan Character Pack Animal People Sample/Textures
  artifactKey: Guid(62709c5f77708754b819911509ea4d74) Importer(815301076,1909f56bfc062723c751e8b465ee728b)
Start importing Assets/Supercyan Character Pack Animal People Sample/Textures using Guid(62709c5f77708754b819911509ea4d74) Importer(815301076,1909f56bfc062723c751e8b465ee728b)  -> (artifact id: 'fee40ec66d27327069855b775091816e') in 0.001267 seconds
Number of updated asset objects reloaded before import = 0
Number of asset objects unloaded after import = 0
========================================================================
Received Import Request.
  Time since last request: 1.840042 seconds.
  path: Assets/Supercyan Character Pack Animal People Sample/Textures/Supercyan Sample
  artifactKey: Guid(b8315efc5ae00e6428bfc906ceda17c6) Importer(815301076,1909f56bfc062723c751e8b465ee728b)
Start importing Assets/Supercyan Character Pack Animal People Sample/Textures/Supercyan Sample using Guid(b8315efc5ae00e6428bfc906ceda17c6) Importer(815301076,1909f56bfc062723c751e8b465ee728b)  -> (artifact id: '8235ad27450c24a269dd9fcf92e3f922') in 0.001082 seconds
Number of updated asset objects reloaded before import = 0
Number of asset objects unloaded after import = 0
========================================================================
Received Import Request.
  Time since last request: 6.658360 seconds.
  path: Assets/Supercyan Character Pack Animal People Sample/Prefabs/Simple Movement
  artifactKey: Guid(611b6992a2d95884fba7bba1374440eb) Importer(815301076,1909f56bfc062723c751e8b465ee728b)
Start importing Assets/Supercyan Character Pack Animal People Sample/Prefabs/Simple Movement using Guid(611b6992a2d95884fba7bba1374440eb) Importer(815301076,1909f56bfc062723c751e8b465ee728b)  -> (artifact id: 'cbaf263c4fa50fabb70d93a7e5283c8e') in 0.000717 seconds
Number of updated asset objects reloaded before import = 0
Number of asset objects unloaded after import = 0
========================================================================
Received Import Request.
  Time since last request: 1.101267 seconds.
  path: Assets/Supercyan Character Pack Animal People Sample/Prefabs/Simple Movement/High Quality
  artifactKey: Guid(f6675b6316e6003409debd1b4752736d) Importer(815301076,1909f56bfc062723c751e8b465ee728b)
Start importing Assets/Supercyan Character Pack Animal People Sample/Prefabs/Simple Movement/High Quality using Guid(f6675b6316e6003409debd1b4752736d) Importer(815301076,1909f56bfc062723c751e8b465ee728b)  -> (artifact id: '3f6a8ed339044997778bfe83818ce301') in 0.000822 seconds
Number of updated asset objects reloaded before import = 0
Number of asset objects unloaded after import = 0
========================================================================
Received Import Request.
  Time since last request: 0.044289 seconds.
  path: Assets/Supercyan Character Pack Animal People Sample/Prefabs/Simple Movement/High Quality/animal_people_wolf_1_SimpleMovement.prefab
  artifactKey: Guid(5b4355d6212d0c8439664d1ea3a0ce98) Importer(815301076,1909f56bfc062723c751e8b465ee728b)
Start importing Assets/Supercyan Character Pack Animal People Sample/Prefabs/Simple Movement/High Quality/animal_people_wolf_1_SimpleMovement.prefab using Guid(5b4355d6212d0c8439664d1ea3a0ce98) Importer(815301076,1909f56bfc062723c751e8b465ee728b)  -> (artifact id: '56f93635e02a01ad65e36b0b7b17f645') in 0.073563 seconds
Number of updated asset objects reloaded before import = 0
Number of asset objects unloaded after import = 246
========================================================================
Received Import Request.
  Time since last request: 6.228981 seconds.
  path: Assets/Supercyan Character Pack Animal People Sample/Prefabs/WithAccessoryLogic
  artifactKey: Guid(9697e952681ac9e43a7addd0106cae15) Importer(815301076,1909f56bfc062723c751e8b465ee728b)
Start importing Assets/Supercyan Character Pack Animal People Sample/Prefabs/WithAccessoryLogic using Guid(9697e952681ac9e43a7addd0106cae15) Importer(815301076,1909f56bfc062723c751e8b465ee728b)  -> (artifact id: 'fbd94f38cd08877404dcacd054d2bf6a') in 0.002107 seconds
Number of updated asset objects reloaded before import = 0
Number of asset objects unloaded after import = 0
========================================================================
Received Import Request.
  Time since last request: 1.226608 seconds.
  path: Assets/Supercyan Character Pack Animal People Sample/Prefabs/WithAccessoryLogic/High Quality
  artifactKey: Guid(4513fbe702a63564693d464c66134d0e) Importer(815301076,1909f56bfc062723c751e8b465ee728b)
Start importing Assets/Supercyan Character Pack Animal People Sample/Prefabs/WithAccessoryLogic/High Quality using Guid(4513fbe702a63564693d464c66134d0e) Importer(815301076,1909f56bfc062723c751e8b465ee728b)  -> (artifact id: '0fd63e1ba82bd62b7dea80a8ec80dd5f') in 0.000714 seconds
Number of updated asset objects reloaded before import = 0
Number of asset objects unloaded after import = 0
========================================================================
Received Import Request.
  Time since last request: 0.057570 seconds.
  path: Assets/Supercyan Character Pack Animal People Sample/Prefabs/WithAccessoryLogic/High Quality/animal_people_backpack_1_freeSample_onWear_WithAccessoryLogic.prefab
  artifactKey: Guid(dc0059cf62a0340438b36bdfb3ec4154) Importer(815301076,1909f56bfc062723c751e8b465ee728b)
Start importing Assets/Supercyan Character Pack Animal People Sample/Prefabs/WithAccessoryLogic/High Quality/animal_people_backpack_1_freeSample_onWear_WithAccessoryLogic.prefab using Guid(dc0059cf62a0340438b36bdfb3ec4154) Importer(815301076,1909f56bfc062723c751e8b465ee728b)  -> (artifact id: '041dc9fdeaf0b2a6f7f57bfa80e921f1') in 0.034474 seconds
Number of updated asset objects reloaded before import = 0
Number of asset objects unloaded after import = 195
========================================================================
Received Import Request.
  Time since last request: 6.679430 seconds.
  path: Assets/Supercyan Character Pack Animal People Sample/Prefabs/Simple Movement/Mobile
  artifactKey: Guid(dbde7f91bdc7eef43901a6148ab3fc3b) Importer(815301076,1909f56bfc062723c751e8b465ee728b)
Start importing Assets/Supercyan Character Pack Animal People Sample/Prefabs/Simple Movement/Mobile using Guid(dbde7f91bdc7eef43901a6148ab3fc3b) Importer(815301076,1909f56bfc062723c751e8b465ee728b)  -> (artifact id: '1c486a829543140f527e5933a4f67fcb') in 0.000902 seconds
Number of updated asset objects reloaded before import = 0
Number of asset objects unloaded after import = 0
========================================================================
Received Import Request.
  Time since last request: 0.035784 seconds.
  path: Assets/Supercyan Character Pack Animal People Sample/Prefabs/Simple Movement/Mobile/Mobile_animal_people_wolf_1_SimpleMovement.prefab
  artifactKey: Guid(8abc6602ebebe8049b23ed8678c589d6) Importer(815301076,1909f56bfc062723c751e8b465ee728b)
Start importing Assets/Supercyan Character Pack Animal People Sample/Prefabs/Simple Movement/Mobile/Mobile_animal_people_wolf_1_SimpleMovement.prefab using Guid(8abc6602ebebe8049b23ed8678c589d6) Importer(815301076,1909f56bfc062723c751e8b465ee728b)  -> (artifact id: '4ca3849194a9674a09b7a4061dc9373d') in 0.351330 seconds
Number of updated asset objects reloaded before import = 0
Number of asset objects unloaded after import = 248
========================================================================
Received Prepare
Begin MonoManager ReloadAssembly
- Loaded All Assemblies, in  0.774 seconds
Refreshing native plugins compatible for Editor in 12.71 ms, found 4 plugins.
Native extension for WindowsStandalone target not found
Native extension for WebGL target not found
[Package Manager] Server::EnsureServerProcessIsRunning -- launch failed, reason: Unity was launched with the -noUpm command-line argument
[Package Manager] UpmClient::Send -- Unable to send message (not connected to UPM process).
[Package Manager] Cannot connect to Unity Package Manager local server
Mono: successfully reloaded assembly
- Finished resetting the current domain, in  3.860 seconds
Domain Reload Profiling: 4630ms
	BeginReloadAssembly (226ms)
		ExecutionOrderSort (0ms)
		DisableScriptedObjects (19ms)
		BackupInstance (0ms)
		ReleaseScriptingObjects (0ms)
		CreateAndSetChildDomain (53ms)
	RebuildCommonClasses (44ms)
	RebuildNativeTypeToScriptingClass (18ms)
	initialDomainReloadingComplete (54ms)
	LoadAllAssembliesAndSetupDomain (428ms)
		LoadAssemblies (515ms)
		RebuildTransferFunctionScriptingTraits (0ms)
		AnalyzeDomain (24ms)
			TypeCache.Refresh (10ms)
				TypeCache.ScanAssembly (0ms)
			ScanForSourceGeneratedMonoScriptInfo (0ms)
			ResolveRequiredComponents (12ms)
	FinalizeReload (3861ms)
		ReleaseScriptCaches (0ms)
		RebuildScriptCaches (0ms)
		SetupLoadedEditorAssemblies (1019ms)
			LogAssemblyErrors (0ms)
			InitializePlatformSupportModulesInManaged (17ms)
			SetLoadedEditorAssemblies (7ms)
			RefreshPlugins (0ms)
			BeforeProcessingInitializeOnLoad (163ms)
			ProcessInitializeOnLoadAttributes (734ms)
			ProcessInitializeOnLoadMethodAttributes (81ms)
			AfterProcessingInitializeOnLoad (16ms)
			EditorAssembliesLoaded (0ms)
		ExecutionOrderSort2 (0ms)
		AwakeInstancesAfterBackupRestoration (32ms)
Refreshing native plugins compatible for Editor in 24.40 ms, found 4 plugins.
Preloading 0 native plugins for Editor in 0.00 ms.
Unloading 4200 Unused Serialized files (Serialized files now loaded: 0)
Unloading 37 unused Assets / (36.0 KB). Loaded Objects now: 4777.
Memory consumption went from 168.8 MB to 168.8 MB.
Total: 7.432700 ms (FindLiveObjects: 0.595600 ms CreateObjectMapping: 1.289200 ms MarkObjects: 5.397300 ms  DeleteObjects: 0.147500 ms)

Prepare: number of updated asset objects reloaded= 0
AssetImportParameters requested are different than current active one (requested -> active):
  custom:container-demuxer-ogg: 62fdf1f143b41e24485cea50d1cbac27 -> 
  custom:video-codec-MediaFoundation-h265: 746d11721c4dcdbdad8f713fa42b33f4 -> 
  custom:video-decoder-ogg-theora: a1e56fd34408186e4bbccfd4996cb3dc -> 
  custom:framework-win-MediaFoundation: 216162199b28c13a410421893ffa2e32 -> 
  custom:CustomObjectIndexerAttribute: 6d391050e5a25f67b0a2c618074f2cd9 -> 
  custom:container-demuxer-webm: 4f35f7cbe854078d1ac9338744f61a02 -> 
  custom:container-muxer-webm: aa71ff27fc2769a1b78a27578f13a17b -> 
  custom:video-decoder-webm-vp8: 9c59270c3fd7afecdb556c50c9e8de78 -> 
  custom:SearchIndexIgnoredProperties: e643bd26f0fe6173181afceb89e7c659 -> 
  custom:AudioImporter_EditorPlatform: d09bf68614088b80899f8185d706f6e7 -> 
  custom:video-encoder-webm-vp8: eb34c28f22e8b96e1ab97ce403110664 -> 
  custom:audio-decoder-ogg-vorbis: bf7c407c2cedff20999df2af8eb42d56 -> 
  custom:audio-encoder-webm-vorbis: bf7c407c2cedff20999df2af8eb42d56 -> 
========================================================================
Received Prepare
Begin MonoManager ReloadAssembly
- Loaded All Assemblies, in  0.569 seconds
Refreshing native plugins compatible for Editor in 8.68 ms, found 4 plugins.
Native extension for WindowsStandalone target not found
Native extension for WebGL target not found
[Package Manager] Server::EnsureServerProcessIsRunning -- launch failed, reason: Unity was launched with the -noUpm command-line argument
[Package Manager] UpmClient::Send -- Unable to send message (not connected to UPM process).
[Package Manager] Cannot connect to Unity Package Manager local server
Mono: successfully reloaded assembly
- Finished resetting the current domain, in  3.453 seconds
Domain Reload Profiling: 4017ms
	BeginReloadAssembly (190ms)
		ExecutionOrderSort (0ms)
		DisableScriptedObjects (10ms)
		BackupInstance (0ms)
		ReleaseScriptingObjects (0ms)
		CreateAndSetChildDomain (38ms)
	RebuildCommonClasses (37ms)
	RebuildNativeTypeToScriptingClass (18ms)
	initialDomainReloadingComplete (33ms)
	LoadAllAssembliesAndSetupDomain (286ms)
		LoadAssemblies (375ms)
		RebuildTransferFunctionScriptingTraits (0ms)
		AnalyzeDomain (15ms)
			TypeCache.Refresh (8ms)
				TypeCache.ScanAssembly (0ms)
			ScanForSourceGeneratedMonoScriptInfo (0ms)
			ResolveRequiredComponents (5ms)
	FinalizeReload (3455ms)
		ReleaseScriptCaches (0ms)
		RebuildScriptCaches (0ms)
		SetupLoadedEditorAssemblies (1205ms)
			LogAssemblyErrors (0ms)
			InitializePlatformSupportModulesInManaged (22ms)
			SetLoadedEditorAssemblies (7ms)
			RefreshPlugins (0ms)
			BeforeProcessingInitializeOnLoad (198ms)
			ProcessInitializeOnLoadAttributes (861ms)
			ProcessInitializeOnLoadMethodAttributes (96ms)
			AfterProcessingInitializeOnLoad (19ms)
			EditorAssembliesLoaded (1ms)
		ExecutionOrderSort2 (0ms)
		AwakeInstancesAfterBackupRestoration (39ms)
Refreshing native plugins compatible for Editor in 23.61 ms, found 4 plugins.
Preloading 0 native plugins for Editor in 0.00 ms.
Unloading 4200 Unused Serialized files (Serialized files now loaded: 0)
Unloading 37 unused Assets / (36.0 KB). Loaded Objects now: 4781.
Memory consumption went from 170.6 MB to 170.5 MB.
Total: 7.410100 ms (FindLiveObjects: 0.851500 ms CreateObjectMapping: 1.059000 ms MarkObjects: 5.404000 ms  DeleteObjects: 0.092900 ms)

Prepare: number of updated asset objects reloaded= 0
AssetImportParameters requested are different than current active one (requested -> active):
  custom:container-demuxer-ogg: 62fdf1f143b41e24485cea50d1cbac27 -> 
  custom:video-codec-MediaFoundation-h265: 746d11721c4dcdbdad8f713fa42b33f4 -> 
  custom:video-decoder-ogg-theora: a1e56fd34408186e4bbccfd4996cb3dc -> 
  custom:framework-win-MediaFoundation: 216162199b28c13a410421893ffa2e32 -> 
  custom:CustomObjectIndexerAttribute: 6d391050e5a25f67b0a2c618074f2cd9 -> 
  custom:container-demuxer-webm: 4f35f7cbe854078d1ac9338744f61a02 -> 
  custom:container-muxer-webm: aa71ff27fc2769a1b78a27578f13a17b -> 
  custom:video-decoder-webm-vp8: 9c59270c3fd7afecdb556c50c9e8de78 -> 
  custom:SearchIndexIgnoredProperties: e643bd26f0fe6173181afceb89e7c659 -> 
  custom:AudioImporter_EditorPlatform: d09bf68614088b80899f8185d706f6e7 -> 
  custom:video-encoder-webm-vp8: eb34c28f22e8b96e1ab97ce403110664 -> 
  custom:audio-decoder-ogg-vorbis: bf7c407c2cedff20999df2af8eb42d56 -> 
  custom:audio-encoder-webm-vorbis: bf7c407c2cedff20999df2af8eb42d56 -> 
========================================================================
Received Import Request.
  Time since last request: 246.828507 seconds.
  path: Assets/Supercyan Character Pack Animal People Sample/Prefabs/Simple Movement/High Quality/animal_people_wolf_1_SimpleMovement.prefab
  artifactKey: Guid(5b4355d6212d0c8439664d1ea3a0ce98) Importer(815301076,1909f56bfc062723c751e8b465ee728b)
Start importing Assets/Supercyan Character Pack Animal People Sample/Prefabs/Simple Movement/High Quality/animal_people_wolf_1_SimpleMovement.prefab using Guid(5b4355d6212d0c8439664d1ea3a0ce98) Importer(815301076,1909f56bfc062723c751e8b465ee728b)  -> (artifact id: '68ddc46e320e81d5edbf558cb87725e0') in 0.089337 seconds
Number of updated asset objects reloaded before import = 0
Number of asset objects unloaded after import = 245
========================================================================
Received Import Request.
  Time since last request: 2.115319 seconds.
  path: Assets/Supercyan Character Pack Animal People Sample/Prefabs/Simple Movement/High Quality/animal_people_wolf_1_SimpleMovement.prefab
  artifactKey: Guid(5b4355d6212d0c8439664d1ea3a0ce98) Importer(815301076,1909f56bfc062723c751e8b465ee728b)
Start importing Assets/Supercyan Character Pack Animal People Sample/Prefabs/Simple Movement/High Quality/animal_people_wolf_1_SimpleMovement.prefab using Guid(5b4355d6212d0c8439664d1ea3a0ce98) Importer(815301076,1909f56bfc062723c751e8b465ee728b)  -> (artifact id: '7e6817388afb9d4732e10e91c601276c') in 0.029842 seconds
Number of updated asset objects reloaded before import = 0
Number of asset objects unloaded after import = 245
========================================================================
Received Prepare
Begin MonoManager ReloadAssembly
- Loaded All Assemblies, in  0.568 seconds
Refreshing native plugins compatible for Editor in 8.71 ms, found 4 plugins.
Native extension for WindowsStandalone target not found
Native extension for WebGL target not found
[Package Manager] Server::EnsureServerProcessIsRunning -- launch failed, reason: Unity was launched with the -noUpm command-line argument
[Package Manager] UpmClient::Send -- Unable to send message (not connected to UPM process).
[Package Manager] Cannot connect to Unity Package Manager local server
Mono: successfully reloaded assembly
- Finished resetting the current domain, in  3.151 seconds
Domain Reload Profiling: 3716ms
	BeginReloadAssembly (175ms)
		ExecutionOrderSort (0ms)
		DisableScriptedObjects (10ms)
		BackupInstance (0ms)
		ReleaseScriptingObjects (0ms)
		CreateAndSetChildDomain (41ms)
	RebuildCommonClasses (38ms)
	RebuildNativeTypeToScriptingClass (16ms)
	initialDomainReloadingComplete (40ms)
	LoadAllAssembliesAndSetupDomain (293ms)
		LoadAssemblies (365ms)
		RebuildTransferFunctionScriptingTraits (0ms)
		AnalyzeDomain (20ms)
			TypeCache.Refresh (10ms)
				TypeCache.ScanAssembly (0ms)
			ScanForSourceGeneratedMonoScriptInfo (0ms)
			ResolveRequiredComponents (8ms)
	FinalizeReload (3153ms)
		ReleaseScriptCaches (0ms)
		RebuildScriptCaches (0ms)
		SetupLoadedEditorAssemblies (1189ms)
			LogAssemblyErrors (0ms)
			InitializePlatformSupportModulesInManaged (24ms)
			SetLoadedEditorAssemblies (10ms)
			RefreshPlugins (0ms)
			BeforeProcessingInitializeOnLoad (200ms)
			ProcessInitializeOnLoadAttributes (842ms)
			ProcessInitializeOnLoadMethodAttributes (92ms)
			AfterProcessingInitializeOnLoad (20ms)
			EditorAssembliesLoaded (1ms)
		ExecutionOrderSort2 (0ms)
		AwakeInstancesAfterBackupRestoration (38ms)
Refreshing native plugins compatible for Editor in 11.17 ms, found 4 plugins.
Preloading 0 native plugins for Editor in 0.00 ms.
Unloading 4199 Unused Serialized files (Serialized files now loaded: 0)
Unloading 37 unused Assets / (37.1 KB). Loaded Objects now: 4785.
Memory consumption went from 172.3 MB to 172.2 MB.
Total: 4.774100 ms (FindLiveObjects: 0.679900 ms CreateObjectMapping: 0.338300 ms MarkObjects: 3.665200 ms  DeleteObjects: 0.087900 ms)

Prepare: number of updated asset objects reloaded= 0
AssetImportParameters requested are different than current active one (requested -> active):
  custom:container-demuxer-ogg: 62fdf1f143b41e24485cea50d1cbac27 -> 
  custom:video-codec-MediaFoundation-h265: 746d11721c4dcdbdad8f713fa42b33f4 -> 
  custom:video-decoder-ogg-theora: a1e56fd34408186e4bbccfd4996cb3dc -> 
  custom:framework-win-MediaFoundation: 216162199b28c13a410421893ffa2e32 -> 
  custom:CustomObjectIndexerAttribute: 6d391050e5a25f67b0a2c618074f2cd9 -> 
  custom:container-demuxer-webm: 4f35f7cbe854078d1ac9338744f61a02 -> 
  custom:container-muxer-webm: aa71ff27fc2769a1b78a27578f13a17b -> 
  custom:video-decoder-webm-vp8: 9c59270c3fd7afecdb556c50c9e8de78 -> 
  custom:SearchIndexIgnoredProperties: e643bd26f0fe6173181afceb89e7c659 -> 
  custom:AudioImporter_EditorPlatform: d09bf68614088b80899f8185d706f6e7 -> 
  custom:video-encoder-webm-vp8: eb34c28f22e8b96e1ab97ce403110664 -> 
  custom:audio-decoder-ogg-vorbis: bf7c407c2cedff20999df2af8eb42d56 -> 
  custom:audio-encoder-webm-vorbis: bf7c407c2cedff20999df2af8eb42d56 -> 
